1585141567172	mozrunner::runner	INFO	Running command: "C:\\Program Files\\Mozilla Firefox\\firefox.exe" "-marionette" "-foreground" "-no-remote" "-profile" "C:\\Users\\VIKASH~1.PAT\\AppData\\Local\\Temp\\rust_mozprofile.cKgHIstElVTo"
1585141568535	addons.webextension.doh-rollout@mozilla.org	WARN	Loading extension 'doh-rollout@mozilla.org': Reading manifest: Invalid extension permission: networkStatus
1585141569282	addons.webextension.screenshots@mozilla.org	WARN	Loading extension 'screenshots@mozilla.org': Reading manifest: Invalid extension permission: mozillaAddons
1585141569283	addons.webextension.screenshots@mozilla.org	WARN	Loading extension 'screenshots@mozilla.org': Reading manifest: Invalid extension permission: telemetry
1585141569283	addons.webextension.screenshots@mozilla.org	WARN	Loading extension 'screenshots@mozilla.org': Reading manifest: Invalid extension permission: resource://pdf.js/
1585141569284	addons.webextension.screenshots@mozilla.org	WARN	Loading extension 'screenshots@mozilla.org': Reading manifest: Invalid extension permission: about:reader*
JavaScript error: resource://gre/modules/XULStore.jsm, line 66: Error: Can't find profile directory.
1585141572449	Marionette	INFO	Listening on port 51649
1585141572708	Marionette	WARN	TLS certificate errors will be ignored for this session
JavaScript warning: https://www.slateam.com/sites/default/files/js/js_EebRuRXFlkaf356V0T2K_8cnUVfCKesNTxdvvPSEhCM.js, line 2: Using //@ to indicate sourceMappingURL pragmas is deprecated. Use //# instead
JavaScript warning: https://www.slateam.com/sites/default/files/js/js_EebRuRXFlkaf356V0T2K_8cnUVfCKesNTxdvvPSEhCM.js, line 2: Using //@ to indicate sourceMappingURL pragmas is deprecated. Use //# instead
JavaScript warning: https://www.slateam.com/sites/default/files/js/js_EebRuRXFlkaf356V0T2K_8cnUVfCKesNTxdvvPSEhCM.js, line 2: Using //@ to indicate sourceMappingURL pragmas is deprecated. Use //# instead
JavaScript warning: https://www.slateam.com/sites/default/files/js/js_EebRuRXFlkaf356V0T2K_8cnUVfCKesNTxdvvPSEhCM.js, line 2: Using //@ to indicate sourceMappingURL pragmas is deprecated. Use //# instead
1585141748620	Marionette	INFO	Stopped listening on port 51649

###!!! [Child][MessageChannel::SendAndWait] Error: Channel error: cannot send/recv

1585142363359	mozrunner::runner	INFO	Running command: "C:\\Program Files\\Mozilla Firefox\\firefox.exe" "-marionette" "-foreground" "-no-remote" "-profile" "C:\\Users\\VIKASH~1.PAT\\AppData\\Local\\Temp\\rust_mozprofile.kW25KA2TQn9Y"
1585142363930	addons.webextension.doh-rollout@mozilla.org	WARN	Loading extension 'doh-rollout@mozilla.org': Reading manifest: Invalid extension permission: networkStatus
1585142364653	addons.webextension.screenshots@mozilla.org	WARN	Loading extension 'screenshots@mozilla.org': Reading manifest: Invalid extension permission: mozillaAddons
1585142364653	addons.webextension.screenshots@mozilla.org	WARN	Loading extension 'screenshots@mozilla.org': Reading manifest: Invalid extension permission: telemetry
1585142364653	addons.webextension.screenshots@mozilla.org	WARN	Loading extension 'screenshots@mozilla.org': Reading manifest: Invalid extension permission: resource://pdf.js/
1585142364653	addons.webextension.screenshots@mozilla.org	WARN	Loading extension 'screenshots@mozilla.org': Reading manifest: Invalid extension permission: about:reader*
JavaScript error: resource://gre/modules/XULStore.jsm, line 66: Error: Can't find profile directory.
1585142367540	Marionette	INFO	Listening on port 53853
1585142367743	Marionette	WARN	TLS certificate errors will be ignored for this session
JavaScript warning: https://www.slateam.com/sites/default/files/js/js_EebRuRXFlkaf356V0T2K_8cnUVfCKesNTxdvvPSEhCM.js, line 2: Using //@ to indicate sourceMappingURL pragmas is deprecated. Use //# instead
JavaScript warning: https://www.slateam.com/sites/default/files/js/js_EebRuRXFlkaf356V0T2K_8cnUVfCKesNTxdvvPSEhCM.js, line 2: Using //@ to indicate sourceMappingURL pragmas is deprecated. Use //# instead
1585142437505	Marionette	INFO	Stopped listening on port 53853

###!!! [Child][RunMessage] Error: Channel closing: too late to send/recv, messages will be lost

1585146797571	mozrunner::runner	INFO	Running command: "C:\\Program Files\\Mozilla Firefox\\firefox.exe" "-marionette" "-foreground" "-no-remote" "-profile" "C:\\Users\\VIKASH~1.PAT\\AppData\\Local\\Temp\\rust_mozprofile.O6IZdW8ME259"
1585146798450	addons.webextension.doh-rollout@mozilla.org	WARN	Loading extension 'doh-rollout@mozilla.org': Reading manifest: Invalid extension permission: networkStatus
1585146799241	addons.webextension.screenshots@mozilla.org	WARN	Loading extension 'screenshots@mozilla.org': Reading manifest: Invalid extension permission: mozillaAddons
1585146799241	addons.webextension.screenshots@mozilla.org	WARN	Loading extension 'screenshots@mozilla.org': Reading manifest: Invalid extension permission: telemetry
1585146799241	addons.webextension.screenshots@mozilla.org	WARN	Loading extension 'screenshots@mozilla.org': Reading manifest: Invalid extension permission: resource://pdf.js/
1585146799241	addons.webextension.screenshots@mozilla.org	WARN	Loading extension 'screenshots@mozilla.org': Reading manifest: Invalid extension permission: about:reader*
JavaScript error: resource://gre/modules/XULStore.jsm, line 66: Error: Can't find profile directory.
1585146802224	Marionette	INFO	Listening on port 59894
1585146802598	Marionette	WARN	TLS certificate errors will be ignored for this session
JavaScript warning: https://www.slateam.com/sites/default/files/js/js_EebRuRXFlkaf356V0T2K_8cnUVfCKesNTxdvvPSEhCM.js, line 2: Using //@ to indicate sourceMappingURL pragmas is deprecated. Use //# instead
JavaScript warning: https://www.slateam.com/sites/default/files/js/js_EebRuRXFlkaf356V0T2K_8cnUVfCKesNTxdvvPSEhCM.js, line 2: Using //@ to indicate sourceMappingURL pragmas is deprecated. Use //# instead
JavaScript warning: https://www.slateam.com/sites/default/files/js/js_EebRuRXFlkaf356V0T2K_8cnUVfCKesNTxdvvPSEhCM.js, line 2: Using //@ to indicate sourceMappingURL pragmas is deprecated. Use //# instead
JavaScript error: chrome://marionette/content/proxy.js, line 287: NS_ERROR_NOT_INITIALIZED
1585146844651	Marionette	INFO	Stopped listening on port 59894

###!!! [Child][RunMessage] Error: Channel closing: too late to send/recv, messages will be lost


###!!! [Child][MessageChannel::SendAndWait] Error: Channel error: cannot send/recv

1585147434084	mozrunner::runner	INFO	Running command: "C:\\Program Files\\Mozilla Firefox\\firefox.exe" "-marionette" "-foreground" "-no-remote" "-profile" "C:\\Users\\VIKASH~1.PAT\\AppData\\Local\\Temp\\rust_mozprofile.FyxvrzgEnFmD"
1585147434906	addons.webextension.doh-rollout@mozilla.org	WARN	Loading extension 'doh-rollout@mozilla.org': Reading manifest: Invalid extension permission: networkStatus
1585147435556	addons.webextension.screenshots@mozilla.org	WARN	Loading extension 'screenshots@mozilla.org': Reading manifest: Invalid extension permission: mozillaAddons
1585147435557	addons.webextension.screenshots@mozilla.org	WARN	Loading extension 'screenshots@mozilla.org': Reading manifest: Invalid extension permission: telemetry
1585147435557	addons.webextension.screenshots@mozilla.org	WARN	Loading extension 'screenshots@mozilla.org': Reading manifest: Invalid extension permission: resource://pdf.js/
1585147435557	addons.webextension.screenshots@mozilla.org	WARN	Loading extension 'screenshots@mozilla.org': Reading manifest: Invalid extension permission: about:reader*
JavaScript error: resource://gre/modules/XULStore.jsm, line 66: Error: Can't find profile directory.
1585147438546	Marionette	INFO	Listening on port 56488
1585147438592	Marionette	WARN	TLS certificate errors will be ignored for this session
JavaScript warning: https://www.slateam.com/sites/default/files/js/js_EebRuRXFlkaf356V0T2K_8cnUVfCKesNTxdvvPSEhCM.js, line 2: Using //@ to indicate sourceMappingURL pragmas is deprecated. Use //# instead
JavaScript warning: https://www.slateam.com/sites/default/files/js/js_EebRuRXFlkaf356V0T2K_8cnUVfCKesNTxdvvPSEhCM.js, line 2: Using //@ to indicate sourceMappingURL pragmas is deprecated. Use //# instead
JavaScript warning: https://www.slateam.com/sites/default/files/js/js_EebRuRXFlkaf356V0T2K_8cnUVfCKesNTxdvvPSEhCM.js, line 2: Using //@ to indicate sourceMappingURL pragmas is deprecated. Use //# instead
JavaScript warning: https://www.slateam.com/sites/default/files/js/js_EebRuRXFlkaf356V0T2K_8cnUVfCKesNTxdvvPSEhCM.js, line 2: Using //@ to indicate sourceMappingURL pragmas is deprecated. Use //# instead
1585147600244	Marionette	INFO	Stopped listening on port 56488

###!!! [Child][RunMessage] Error: Channel closing: too late to send/recv, messages will be lost


###!!! [Child][MessageChannel::SendAndWait] Error: Channel error: cannot send/recv

1585148275167	mozrunner::runner	INFO	Running command: "C:\\Program Files\\Mozilla Firefox\\firefox.exe" "-marionette" "-foreground" "-no-remote" "-profile" "C:\\Users\\VIKASH~1.PAT\\AppData\\Local\\Temp\\rust_mozprofile.iECMghgcXFli"
1585148276038	addons.webextension.doh-rollout@mozilla.org	WARN	Loading extension 'doh-rollout@mozilla.org': Reading manifest: Invalid extension permission: networkStatus
1585148276721	addons.webextension.screenshots@mozilla.org	WARN	Loading extension 'screenshots@mozilla.org': Reading manifest: Invalid extension permission: mozillaAddons
1585148276722	addons.webextension.screenshots@mozilla.org	WARN	Loading extension 'screenshots@mozilla.org': Reading manifest: Invalid extension permission: telemetry
1585148276722	addons.webextension.screenshots@mozilla.org	WARN	Loading extension 'screenshots@mozilla.org': Reading manifest: Invalid extension permission: resource://pdf.js/
1585148276722	addons.webextension.screenshots@mozilla.org	WARN	Loading extension 'screenshots@mozilla.org': Reading manifest: Invalid extension permission: about:reader*
JavaScript error: resource://gre/modules/XULStore.jsm, line 66: Error: Can't find profile directory.
1585148279840	Marionette	INFO	Listening on port 57990
1585148280149	Marionette	WARN	TLS certificate errors will be ignored for this session
JavaScript warning: https://www.slateam.com/sites/default/files/js/js_EebRuRXFlkaf356V0T2K_8cnUVfCKesNTxdvvPSEhCM.js, line 2: Using //@ to indicate sourceMappingURL pragmas is deprecated. Use //# instead
JavaScript warning: https://www.slateam.com/sites/default/files/js/js_EebRuRXFlkaf356V0T2K_8cnUVfCKesNTxdvvPSEhCM.js, line 2: Using //@ to indicate sourceMappingURL pragmas is deprecated. Use //# instead
JavaScript error: https://www.slateam.com/sites/default/files/js/js_pZ1s24A7cXW0WnPrZwDIafvuZ0_5pg8b_MgRR_YfTpI.js, line 3806: TypeError: _menu is null
JavaScript warning: https://www.slateam.com/sites/default/files/js/js_EebRuRXFlkaf356V0T2K_8cnUVfCKesNTxdvvPSEhCM.js, line 2: Using //@ to indicate sourceMappingURL pragmas is deprecated. Use //# instead
1585148396174	Marionette	INFO	Stopped listening on port 57990

###!!! [Child][RunMessage] Error: Channel closing: too late to send/recv, messages will be lost


###!!! [Child][MessageChannel::SendAndWait] Error: Channel error: cannot send/recv

1585148675800	mozrunner::runner	INFO	Running command: "C:\\Program Files\\Mozilla Firefox\\firefox.exe" "-marionette" "-foreground" "-no-remote" "-profile" "C:\\Users\\VIKASH~1.PAT\\AppData\\Local\\Temp\\rust_mozprofile.1L0f2ohzXdRE"
1585148676430	addons.webextension.doh-rollout@mozilla.org	WARN	Loading extension 'doh-rollout@mozilla.org': Reading manifest: Invalid extension permission: networkStatus
1585148677089	addons.webextension.screenshots@mozilla.org	WARN	Loading extension 'screenshots@mozilla.org': Reading manifest: Invalid extension permission: mozillaAddons
1585148677089	addons.webextension.screenshots@mozilla.org	WARN	Loading extension 'screenshots@mozilla.org': Reading manifest: Invalid extension permission: telemetry
1585148677089	addons.webextension.screenshots@mozilla.org	WARN	Loading extension 'screenshots@mozilla.org': Reading manifest: Invalid extension permission: resource://pdf.js/
1585148677089	addons.webextension.screenshots@mozilla.org	WARN	Loading extension 'screenshots@mozilla.org': Reading manifest: Invalid extension permission: about:reader*
JavaScript error: resource://gre/modules/XULStore.jsm, line 66: Error: Can't find profile directory.
1585148679945	Marionette	INFO	Listening on port 50331
1585148680201	Marionette	WARN	TLS certificate errors will be ignored for this session
JavaScript warning: https://www.slateam.com/sites/default/files/js/js_EebRuRXFlkaf356V0T2K_8cnUVfCKesNTxdvvPSEhCM.js, line 2: Using //@ to indicate sourceMappingURL pragmas is deprecated. Use //# instead
JavaScript warning: https://www.slateam.com/sites/default/files/js/js_EebRuRXFlkaf356V0T2K_8cnUVfCKesNTxdvvPSEhCM.js, line 2: Using //@ to indicate sourceMappingURL pragmas is deprecated. Use //# instead
1585148721256	Marionette	INFO	Stopped listening on port 50331

###!!! [Child][RunMessage] Error: Channel closing: too late to send/recv, messages will be lost


###!!! [Child][MessageChannel::SendAndWait] Error: Channel error: cannot send/recv

1585148911446	mozrunner::runner	INFO	Running command: "C:\\Program Files\\Mozilla Firefox\\firefox.exe" "-marionette" "-foreground" "-no-remote" "-profile" "C:\\Users\\VIKASH~1.PAT\\AppData\\Local\\Temp\\rust_mozprofile.UJlMJ6fZ6zGO"
1585148912096	addons.webextension.doh-rollout@mozilla.org	WARN	Loading extension 'doh-rollout@mozilla.org': Reading manifest: Invalid extension permission: networkStatus
1585148912766	addons.webextension.screenshots@mozilla.org	WARN	Loading extension 'screenshots@mozilla.org': Reading manifest: Invalid extension permission: mozillaAddons
1585148912767	addons.webextension.screenshots@mozilla.org	WARN	Loading extension 'screenshots@mozilla.org': Reading manifest: Invalid extension permission: telemetry
1585148912767	addons.webextension.screenshots@mozilla.org	WARN	Loading extension 'screenshots@mozilla.org': Reading manifest: Invalid extension permission: resource://pdf.js/
1585148912767	addons.webextension.screenshots@mozilla.org	WARN	Loading extension 'screenshots@mozilla.org': Reading manifest: Invalid extension permission: about:reader*
JavaScript error: resource://gre/modules/XULStore.jsm, line 66: Error: Can't find profile directory.
1585148915974	Marionette	INFO	Listening on port 51147
1585148916429	Marionette	WARN	TLS certificate errors will be ignored for this session
JavaScript warning: https://www.slateam.com/sites/default/files/js/js_EebRuRXFlkaf356V0T2K_8cnUVfCKesNTxdvvPSEhCM.js, line 2: Using //@ to indicate sourceMappingURL pragmas is deprecated. Use //# instead
JavaScript warning: https://www.slateam.com/sites/default/files/js/js_EebRuRXFlkaf356V0T2K_8cnUVfCKesNTxdvvPSEhCM.js, line 2: Using //@ to indicate sourceMappingURL pragmas is deprecated. Use //# instead
1585148946151	Marionette	INFO	Stopped listening on port 51147

###!!! [Child][RunMessage] Error: Channel closing: too late to send/recv, messages will be lost


###!!! [Child][MessageChannel::SendAndWait] Error: Channel error: cannot send/recv

1585149189863	mozrunner::runner	INFO	Running command: "C:\\Program Files\\Mozilla Firefox\\firefox.exe" "-marionette" "-foreground" "-no-remote" "-profile" "C:\\Users\\VIKASH~1.PAT\\AppData\\Local\\Temp\\rust_mozprofile.keB8HEbtUYkF"
1585149190531	addons.webextension.doh-rollout@mozilla.org	WARN	Loading extension 'doh-rollout@mozilla.org': Reading manifest: Invalid extension permission: networkStatus
1585149191177	addons.webextension.screenshots@mozilla.org	WARN	Loading extension 'screenshots@mozilla.org': Reading manifest: Invalid extension permission: mozillaAddons
1585149191177	addons.webextension.screenshots@mozilla.org	WARN	Loading extension 'screenshots@mozilla.org': Reading manifest: Invalid extension permission: telemetry
1585149191177	addons.webextension.screenshots@mozilla.org	WARN	Loading extension 'screenshots@mozilla.org': Reading manifest: Invalid extension permission: resource://pdf.js/
1585149191177	addons.webextension.screenshots@mozilla.org	WARN	Loading extension 'screenshots@mozilla.org': Reading manifest: Invalid extension permission: about:reader*
JavaScript error: resource://gre/modules/XULStore.jsm, line 66: Error: Can't find profile directory.
1585149194175	Marionette	INFO	Listening on port 61046
1585149194259	Marionette	WARN	TLS certificate errors will be ignored for this session
JavaScript warning: https://www.slateam.com/sites/default/files/js/js_EebRuRXFlkaf356V0T2K_8cnUVfCKesNTxdvvPSEhCM.js, line 2: Using //@ to indicate sourceMappingURL pragmas is deprecated. Use //# instead
JavaScript warning: https://www.slateam.com/sites/default/files/js/js_EebRuRXFlkaf356V0T2K_8cnUVfCKesNTxdvvPSEhCM.js, line 2: Using //@ to indicate sourceMappingURL pragmas is deprecated. Use //# instead
1585149232587	Marionette	INFO	Stopped listening on port 61046

###!!! [Child][RunMessage] Error: Channel closing: too late to send/recv, messages will be lost


###!!! [Child][MessageChannel::SendAndWait] Error: Channel error: cannot send/recv

1585149571423	mozrunner::runner	INFO	Running command: "C:\\Program Files\\Mozilla Firefox\\firefox.exe" "-marionette" "-foreground" "-no-remote" "-profile" "C:\\Users\\VIKASH~1.PAT\\AppData\\Local\\Temp\\rust_mozprofile.P3EJ8SVcET4p"
1585149572155	addons.webextension.doh-rollout@mozilla.org	WARN	Loading extension 'doh-rollout@mozilla.org': Reading manifest: Invalid extension permission: networkStatus
1585149572835	addons.webextension.screenshots@mozilla.org	WARN	Loading extension 'screenshots@mozilla.org': Reading manifest: Invalid extension permission: mozillaAddons
1585149572835	addons.webextension.screenshots@mozilla.org	WARN	Loading extension 'screenshots@mozilla.org': Reading manifest: Invalid extension permission: telemetry
1585149572835	addons.webextension.screenshots@mozilla.org	WARN	Loading extension 'screenshots@mozilla.org': Reading manifest: Invalid extension permission: resource://pdf.js/
1585149572836	addons.webextension.screenshots@mozilla.org	WARN	Loading extension 'screenshots@mozilla.org': Reading manifest: Invalid extension permission: about:reader*
JavaScript error: resource://gre/modules/XULStore.jsm, line 66: Error: Can't find profile directory.
1585149576046	Marionette	INFO	Listening on port 60331
1585149576434	Marionette	WARN	TLS certificate errors will be ignored for this session
JavaScript warning: https://www.slateam.com/sites/default/files/js/js_EebRuRXFlkaf356V0T2K_8cnUVfCKesNTxdvvPSEhCM.js, line 2: Using //@ to indicate sourceMappingURL pragmas is deprecated. Use //# instead
JavaScript warning: https://www.slateam.com/sites/default/files/js/js_EebRuRXFlkaf356V0T2K_8cnUVfCKesNTxdvvPSEhCM.js, line 2: Using //@ to indicate sourceMappingURL pragmas is deprecated. Use //# instead
JavaScript warning: https://www.slateam.com/sites/default/files/js/js_EebRuRXFlkaf356V0T2K_8cnUVfCKesNTxdvvPSEhCM.js, line 2: Using //@ to indicate sourceMappingURL pragmas is deprecated. Use //# instead
1585149634179	Marionette	INFO	Stopped listening on port 60331
JavaScript error: https://maps.google.com/maps-api-v3/api/js/40/5/intl/en_gb/common.js, line 66: NS_ERROR_NOT_INITIALIZED: 

###!!! [Child][RunMessage] Error: Channel closing: too late to send/recv, messages will be lost


###!!! [Child][MessageChannel::SendAndWait] Error: Channel error: cannot send/recv

1585149743368	mozrunner::runner	INFO	Running command: "C:\\Program Files\\Mozilla Firefox\\firefox.exe" "-marionette" "-foreground" "-no-remote" "-profile" "C:\\Users\\VIKASH~1.PAT\\AppData\\Local\\Temp\\rust_mozprofile.zGIuwirDTPD2"
1585149744077	addons.webextension.doh-rollout@mozilla.org	WARN	Loading extension 'doh-rollout@mozilla.org': Reading manifest: Invalid extension permission: networkStatus
1585149745042	addons.webextension.screenshots@mozilla.org	WARN	Loading extension 'screenshots@mozilla.org': Reading manifest: Invalid extension permission: mozillaAddons
1585149745042	addons.webextension.screenshots@mozilla.org	WARN	Loading extension 'screenshots@mozilla.org': Reading manifest: Invalid extension permission: telemetry
1585149745043	addons.webextension.screenshots@mozilla.org	WARN	Loading extension 'screenshots@mozilla.org': Reading manifest: Invalid extension permission: resource://pdf.js/
1585149745043	addons.webextension.screenshots@mozilla.org	WARN	Loading extension 'screenshots@mozilla.org': Reading manifest: Invalid extension permission: about:reader*
JavaScript error: resource://gre/modules/XULStore.jsm, line 66: Error: Can't find profile directory.
1585149748174	Marionette	INFO	Listening on port 60860
1585149748358	Marionette	WARN	TLS certificate errors will be ignored for this session
JavaScript warning: https://www.slateam.com/sites/default/files/js/js_EebRuRXFlkaf356V0T2K_8cnUVfCKesNTxdvvPSEhCM.js, line 2: Using //@ to indicate sourceMappingURL pragmas is deprecated. Use //# instead
JavaScript warning: https://www.slateam.com/sites/default/files/js/js_EebRuRXFlkaf356V0T2K_8cnUVfCKesNTxdvvPSEhCM.js, line 2: Using //@ to indicate sourceMappingURL pragmas is deprecated. Use //# instead
JavaScript error: https://maps.google.com/maps/api/js?key=AIzaSyDzfOg05nHAW5vj_CTy6FuZ__ixk-Zxli4&sensor=true, line 81: Error: Could not load "controls".
JavaScript warning: https://www.slateam.com/sites/default/files/js/js_EebRuRXFlkaf356V0T2K_8cnUVfCKesNTxdvvPSEhCM.js, line 2: Using //@ to indicate sourceMappingURL pragmas is deprecated. Use //# instead
1585149784350	Marionette	INFO	Stopped listening on port 60860
JavaScript error: https://maps.google.com/maps-api-v3/api/js/40/5/intl/en_gb/common.js, line 66: NS_ERROR_NOT_INITIALIZED: 

###!!! [Child][RunMessage] Error: Channel closing: too late to send/recv, messages will be lost


###!!! [Child][MessageChannel::SendAndWait] Error: Channel error: cannot send/recv

1585149834235	mozrunner::runner	INFO	Running command: "C:\\Program Files\\Mozilla Firefox\\firefox.exe" "-marionette" "-foreground" "-no-remote" "-profile" "C:\\Users\\VIKASH~1.PAT\\AppData\\Local\\Temp\\rust_mozprofile.1wE041rEIXHh"
1585149834859	addons.webextension.doh-rollout@mozilla.org	WARN	Loading extension 'doh-rollout@mozilla.org': Reading manifest: Invalid extension permission: networkStatus
1585149835527	addons.webextension.screenshots@mozilla.org	WARN	Loading extension 'screenshots@mozilla.org': Reading manifest: Invalid extension permission: mozillaAddons
1585149835527	addons.webextension.screenshots@mozilla.org	WARN	Loading extension 'screenshots@mozilla.org': Reading manifest: Invalid extension permission: telemetry
1585149835527	addons.webextension.screenshots@mozilla.org	WARN	Loading extension 'screenshots@mozilla.org': Reading manifest: Invalid extension permission: resource://pdf.js/
1585149835527	addons.webextension.screenshots@mozilla.org	WARN	Loading extension 'screenshots@mozilla.org': Reading manifest: Invalid extension permission: about:reader*
JavaScript error: resource://gre/modules/XULStore.jsm, line 66: Error: Can't find profile directory.
1585149838338	Marionette	INFO	Listening on port 61176
1585149838652	Marionette	WARN	TLS certificate errors will be ignored for this session
JavaScript warning: https://www.slateam.com/sites/default/files/js/js_EebRuRXFlkaf356V0T2K_8cnUVfCKesNTxdvvPSEhCM.js, line 2: Using //@ to indicate sourceMappingURL pragmas is deprecated. Use //# instead
JavaScript warning: https://www.slateam.com/sites/default/files/js/js_EebRuRXFlkaf356V0T2K_8cnUVfCKesNTxdvvPSEhCM.js, line 2: Using //@ to indicate sourceMappingURL pragmas is deprecated. Use //# instead
JavaScript warning: https://www.slateam.com/sites/default/files/js/js_EebRuRXFlkaf356V0T2K_8cnUVfCKesNTxdvvPSEhCM.js, line 2: Using //@ to indicate sourceMappingURL pragmas is deprecated. Use //# instead
JavaScript warning: https://www.slateam.com/sites/default/files/js/js_EebRuRXFlkaf356V0T2K_8cnUVfCKesNTxdvvPSEhCM.js, line 2: Using //@ to indicate sourceMappingURL pragmas is deprecated. Use //# instead
JavaScript error: https://maps.google.com/maps/api/js?key=AIzaSyDzfOg05nHAW5vj_CTy6FuZ__ixk-Zxli4&sensor=true, line 81: Error: Could not load "controls".
JavaScript warning: https://news.slateretailreit.com/sites/slateretailreit3-e.newshq.businesswire.com/themes/slateretailreit3_e_newshq_businesswire_com_theme/client_files/js/jquery_008.js, line 2: Using //@ to indicate sourceMappingURL pragmas is deprecated. Use //# instead
1585149967230	Marionette	INFO	Stopped listening on port 61176

###!!! [Child][RunMessage] Error: Channel closing: too late to send/recv, messages will be lost

1585150331561	mozrunner::runner	INFO	Running command: "C:\\Program Files\\Mozilla Firefox\\firefox.exe" "-marionette" "-foreground" "-no-remote" "-profile" "C:\\Users\\VIKASH~1.PAT\\AppData\\Local\\Temp\\rust_mozprofile.Tvs6a6Jp5Vps"
1585150332243	addons.webextension.doh-rollout@mozilla.org	WARN	Loading extension 'doh-rollout@mozilla.org': Reading manifest: Invalid extension permission: networkStatus
1585150332930	addons.webextension.screenshots@mozilla.org	WARN	Loading extension 'screenshots@mozilla.org': Reading manifest: Invalid extension permission: mozillaAddons
1585150332930	addons.webextension.screenshots@mozilla.org	WARN	Loading extension 'screenshots@mozilla.org': Reading manifest: Invalid extension permission: telemetry
1585150332930	addons.webextension.screenshots@mozilla.org	WARN	Loading extension 'screenshots@mozilla.org': Reading manifest: Invalid extension permission: resource://pdf.js/
1585150332930	addons.webextension.screenshots@mozilla.org	WARN	Loading extension 'screenshots@mozilla.org': Reading manifest: Invalid extension permission: about:reader*
JavaScript error: resource://gre/modules/XULStore.jsm, line 66: Error: Can't find profile directory.
1585150335982	Marionette	INFO	Listening on port 51964
1585150336053	Marionette	WARN	TLS certificate errors will be ignored for this session
JavaScript warning: https://www.slateam.com/sites/default/files/js/js_EebRuRXFlkaf356V0T2K_8cnUVfCKesNTxdvvPSEhCM.js, line 2: Using //@ to indicate sourceMappingURL pragmas is deprecated. Use //# instead
JavaScript warning: https://www.slateam.com/sites/default/files/js/js_EebRuRXFlkaf356V0T2K_8cnUVfCKesNTxdvvPSEhCM.js, line 2: Using //@ to indicate sourceMappingURL pragmas is deprecated. Use //# instead
JavaScript warning: https://www.slateam.com/sites/default/files/js/js_EebRuRXFlkaf356V0T2K_8cnUVfCKesNTxdvvPSEhCM.js, line 2: Using //@ to indicate sourceMappingURL pragmas is deprecated. Use //# instead
JavaScript warning: https://www.slateam.com/sites/default/files/js/js_EebRuRXFlkaf356V0T2K_8cnUVfCKesNTxdvvPSEhCM.js, line 2: Using //@ to indicate sourceMappingURL pragmas is deprecated. Use //# instead
JavaScript warning: https://news.slateretailreit.com/sites/slateretailreit3-e.newshq.businesswire.com/themes/slateretailreit3_e_newshq_businesswire_com_theme/client_files/js/jquery_008.js, line 2: Using //@ to indicate sourceMappingURL pragmas is deprecated. Use //# instead
JavaScript warning: https://news.slateretailreit.com/sites/slateretailreit3-e.newshq.businesswire.com/themes/slateretailreit3_e_newshq_businesswire_com_theme/client_files/js/jquery_008.js, line 2: Using //@ to indicate sourceMappingURL pragmas is deprecated. Use //# instead
JavaScript warning: https://news.slateretailreit.com/sites/slateretailreit3-e.newshq.businesswire.com/themes/slateretailreit3_e_newshq_businesswire_com_theme/client_files/js/jquery_008.js, line 2: Using //@ to indicate sourceMappingURL pragmas is deprecated. Use //# instead
1585150530251	Marionette	INFO	Stopped listening on port 51964

###!!! [Child][RunMessage] Error: Channel closing: too late to send/recv, messages will be lost


###!!! [Child][MessageChannel::SendAndWait] Error: Channel error: cannot send/recv

1585151375048	mozrunner::runner	INFO	Running command: "C:\\Program Files\\Mozilla Firefox\\firefox.exe" "-marionette" "-foreground" "-no-remote" "-profile" "C:\\Users\\VIKASH~1.PAT\\AppData\\Local\\Temp\\rust_mozprofile.2X1ExYu1gBjI"
1585151375654	addons.webextension.doh-rollout@mozilla.org	WARN	Loading extension 'doh-rollout@mozilla.org': Reading manifest: Invalid extension permission: networkStatus
1585151376401	addons.webextension.screenshots@mozilla.org	WARN	Loading extension 'screenshots@mozilla.org': Reading manifest: Invalid extension permission: mozillaAddons
1585151376401	addons.webextension.screenshots@mozilla.org	WARN	Loading extension 'screenshots@mozilla.org': Reading manifest: Invalid extension permission: telemetry
1585151376401	addons.webextension.screenshots@mozilla.org	WARN	Loading extension 'screenshots@mozilla.org': Reading manifest: Invalid extension permission: resource://pdf.js/
1585151376402	addons.webextension.screenshots@mozilla.org	WARN	Loading extension 'screenshots@mozilla.org': Reading manifest: Invalid extension permission: about:reader*
JavaScript error: resource://gre/modules/XULStore.jsm, line 66: Error: Can't find profile directory.
1585151379310	Marionette	INFO	Listening on port 57941
1585151379427	Marionette	WARN	TLS certificate errors will be ignored for this session
JavaScript warning: https://www.slateam.com/sites/default/files/js/js_EebRuRXFlkaf356V0T2K_8cnUVfCKesNTxdvvPSEhCM.js, line 2: Using //@ to indicate sourceMappingURL pragmas is deprecated. Use //# instead
JavaScript warning: https://www.slateam.com/sites/default/files/js/js_EebRuRXFlkaf356V0T2K_8cnUVfCKesNTxdvvPSEhCM.js, line 2: Using //@ to indicate sourceMappingURL pragmas is deprecated. Use //# instead
JavaScript warning: https://www.slateam.com/sites/default/files/js/js_EebRuRXFlkaf356V0T2K_8cnUVfCKesNTxdvvPSEhCM.js, line 2: Using //@ to indicate sourceMappingURL pragmas is deprecated. Use //# instead
JavaScript warning: https://www.slateam.com/sites/default/files/js/js_EebRuRXFlkaf356V0T2K_8cnUVfCKesNTxdvvPSEhCM.js, line 2: Using //@ to indicate sourceMappingURL pragmas is deprecated. Use //# instead
1585151553106	Marionette	INFO	Stopped listening on port 57941

###!!! [Child][RunMessage] Error: Channel closing: too late to send/recv, messages will be lost


###!!! [Child][MessageChannel::SendAndWait] Error: Channel error: cannot send/recv

1585151768551	mozrunner::runner	INFO	Running command: "C:\\Program Files\\Mozilla Firefox\\firefox.exe" "-marionette" "-foreground" "-no-remote" "-profile" "C:\\Users\\VIKASH~1.PAT\\AppData\\Local\\Temp\\rust_mozprofile.A3Ivoug7c7FL"
1585151769213	addons.webextension.doh-rollout@mozilla.org	WARN	Loading extension 'doh-rollout@mozilla.org': Reading manifest: Invalid extension permission: networkStatus
1585151769827	addons.webextension.screenshots@mozilla.org	WARN	Loading extension 'screenshots@mozilla.org': Reading manifest: Invalid extension permission: mozillaAddons
1585151769827	addons.webextension.screenshots@mozilla.org	WARN	Loading extension 'screenshots@mozilla.org': Reading manifest: Invalid extension permission: telemetry
1585151769827	addons.webextension.screenshots@mozilla.org	WARN	Loading extension 'screenshots@mozilla.org': Reading manifest: Invalid extension permission: resource://pdf.js/
1585151769827	addons.webextension.screenshots@mozilla.org	WARN	Loading extension 'screenshots@mozilla.org': Reading manifest: Invalid extension permission: about:reader*
JavaScript error: resource://gre/modules/XULStore.jsm, line 66: Error: Can't find profile directory.
1585151772824	Marionette	INFO	Listening on port 65172
1585151772907	Marionette	WARN	TLS certificate errors will be ignored for this session
JavaScript warning: https://www.slateam.com/sites/default/files/js/js_EebRuRXFlkaf356V0T2K_8cnUVfCKesNTxdvvPSEhCM.js, line 2: Using //@ to indicate sourceMappingURL pragmas is deprecated. Use //# instead
JavaScript warning: https://www.slateam.com/sites/default/files/js/js_EebRuRXFlkaf356V0T2K_8cnUVfCKesNTxdvvPSEhCM.js, line 2: Using //@ to indicate sourceMappingURL pragmas is deprecated. Use //# instead
JavaScript warning: https://www.slateam.com/sites/default/files/js/js_EebRuRXFlkaf356V0T2K_8cnUVfCKesNTxdvvPSEhCM.js, line 2: Using //@ to indicate sourceMappingURL pragmas is deprecated. Use //# instead
JavaScript warning: https://www.slateam.com/sites/default/files/js/js_EebRuRXFlkaf356V0T2K_8cnUVfCKesNTxdvvPSEhCM.js, line 2: Using //@ to indicate sourceMappingURL pragmas is deprecated. Use //# instead
console.error: services.settings: 
  Message: TypeError: NetworkError when attempting to fetch resource.
console.error: services.settings: 
  Message: TypeError: NetworkError when attempting to fetch resource.
  Stack:
    [13]</timedFetch/<@resource://services-common/kinto-http-client.js:2899:12
timedFetch@resource://services-common/kinto-http-client.js:2869:12
request@resource://services-common/kinto-http-client.js:2980:33
execute@resource://services-common/kinto-http-client.js:813:36
getData@resource://services-common/kinto-http-client.js:2065:27
pullMetadata@resource://services-common/kinto-offline-client.js:2883:35
sync@resource://services-common/kinto-offline-client.js:2745:18
maybeSync@resource://services-settings/RemoteSettingsClient.jsm:518:46
observe@resource://gre/modules/AsyncShutdown.jsm:551:16

console.error: services.settings: 
  Message: TypeError: NetworkError when attempting to fetch resource.
  Stack:
    [13]</timedFetch/<@resource://services-common/kinto-http-client.js:2899:12
timedFetch@resource://services-common/kinto-http-client.js:2869:12
request@resource://services-common/kinto-http-client.js:2980:33
execute@resource://services-common/kinto-http-client.js:813:36
getData@resource://services-common/kinto-http-client.js:2065:27
pullMetadata@resource://services-common/kinto-offline-client.js:2883:35
sync@resource://services-common/kinto-offline-client.js:2745:18
maybeSync@resource://services-settings/RemoteSettingsClient.jsm:518:46
observe@resource://gre/modules/AsyncShutdown.jsm:551:16

console.error: services.settings: 
  Message: TypeError: NetworkError when attempting to fetch resource.
  Stack:
    [13]</timedFetch/<@resource://services-common/kinto-http-client.js:2899:12
timedFetch@resource://services-common/kinto-http-client.js:2869:12
request@resource://services-common/kinto-http-client.js:2980:33
execute@resource://services-common/kinto-http-client.js:813:36
getData@resource://services-common/kinto-http-client.js:2065:27
pullMetadata@resource://services-common/kinto-offline-client.js:2883:35
maybeSync@resource://services-settings/RemoteSettingsClient.jsm:478:52
observe@resource://gre/modules/AsyncShutdown.jsm:551:16

1585152168991	Marionette	INFO	Stopped listening on port 65172

###!!! [Child][RunMessage] Error: Channel closing: too late to send/recv, messages will be lost


###!!! [Child][MessageChannel::SendAndWait] Error: Channel error: cannot send/recv

1585152214410	mozrunner::runner	INFO	Running command: "C:\\Program Files\\Mozilla Firefox\\firefox.exe" "-marionette" "-foreground" "-no-remote" "-profile" "C:\\Users\\VIKASH~1.PAT\\AppData\\Local\\Temp\\rust_mozprofile.E5fREF9UiQO0"
1585152215150	addons.webextension.doh-rollout@mozilla.org	WARN	Loading extension 'doh-rollout@mozilla.org': Reading manifest: Invalid extension permission: networkStatus
1585152215782	addons.webextension.screenshots@mozilla.org	WARN	Loading extension 'screenshots@mozilla.org': Reading manifest: Invalid extension permission: mozillaAddons
1585152215783	addons.webextension.screenshots@mozilla.org	WARN	Loading extension 'screenshots@mozilla.org': Reading manifest: Invalid extension permission: telemetry
1585152215783	addons.webextension.screenshots@mozilla.org	WARN	Loading extension 'screenshots@mozilla.org': Reading manifest: Invalid extension permission: resource://pdf.js/
1585152215783	addons.webextension.screenshots@mozilla.org	WARN	Loading extension 'screenshots@mozilla.org': Reading manifest: Invalid extension permission: about:reader*
JavaScript error: resource://gre/modules/XULStore.jsm, line 66: Error: Can't find profile directory.
1585152218690	Marionette	INFO	Listening on port 63296
1585152218751	Marionette	WARN	TLS certificate errors will be ignored for this session
JavaScript warning: https://www.slateam.com/sites/default/files/js/js_EebRuRXFlkaf356V0T2K_8cnUVfCKesNTxdvvPSEhCM.js, line 2: Using //@ to indicate sourceMappingURL pragmas is deprecated. Use //# instead
JavaScript warning: https://www.slateam.com/sites/default/files/js/js_EebRuRXFlkaf356V0T2K_8cnUVfCKesNTxdvvPSEhCM.js, line 2: Using //@ to indicate sourceMappingURL pragmas is deprecated. Use //# instead
JavaScript warning: https://www.slateam.com/sites/default/files/js/js_EebRuRXFlkaf356V0T2K_8cnUVfCKesNTxdvvPSEhCM.js, line 2: Using //@ to indicate sourceMappingURL pragmas is deprecated. Use //# instead
1585152246100	Marionette	INFO	Stopped listening on port 63296

###!!! [Child][RunMessage] Error: Channel closing: too late to send/recv, messages will be lost


###!!! [Child][MessageChannel::SendAndWait] Error: Channel error: cannot send/recv

1585152378496	mozrunner::runner	INFO	Running command: "C:\\Program Files\\Mozilla Firefox\\firefox.exe" "-marionette" "-foreground" "-no-remote" "-profile" "C:\\Users\\VIKASH~1.PAT\\AppData\\Local\\Temp\\rust_mozprofile.AdoAUMZta5Cq"
1585152379183	addons.webextension.doh-rollout@mozilla.org	WARN	Loading extension 'doh-rollout@mozilla.org': Reading manifest: Invalid extension permission: networkStatus
1585152379871	addons.webextension.screenshots@mozilla.org	WARN	Loading extension 'screenshots@mozilla.org': Reading manifest: Invalid extension permission: mozillaAddons
1585152379871	addons.webextension.screenshots@mozilla.org	WARN	Loading extension 'screenshots@mozilla.org': Reading manifest: Invalid extension permission: telemetry
1585152379871	addons.webextension.screenshots@mozilla.org	WARN	Loading extension 'screenshots@mozilla.org': Reading manifest: Invalid extension permission: resource://pdf.js/
1585152379871	addons.webextension.screenshots@mozilla.org	WARN	Loading extension 'screenshots@mozilla.org': Reading manifest: Invalid extension permission: about:reader*
JavaScript error: resource://gre/modules/XULStore.jsm, line 66: Error: Can't find profile directory.
1585152383023	Marionette	INFO	Listening on port 52338
1585152383496	Marionette	WARN	TLS certificate errors will be ignored for this session
JavaScript warning: https://www.slateam.com/sites/default/files/js/js_EebRuRXFlkaf356V0T2K_8cnUVfCKesNTxdvvPSEhCM.js, line 2: Using //@ to indicate sourceMappingURL pragmas is deprecated. Use //# instead
JavaScript warning: https://www.slateam.com/sites/default/files/js/js_EebRuRXFlkaf356V0T2K_8cnUVfCKesNTxdvvPSEhCM.js, line 2: Using //@ to indicate sourceMappingURL pragmas is deprecated. Use //# instead
JavaScript warning: https://www.slateam.com/sites/default/files/js/js_EebRuRXFlkaf356V0T2K_8cnUVfCKesNTxdvvPSEhCM.js, line 2: Using //@ to indicate sourceMappingURL pragmas is deprecated. Use //# instead
1585152402928	Marionette	INFO	Stopped listening on port 52338

###!!! [Child][MessageChannel::SendAndWait] Error: Channel error: cannot send/recv

1585152584251	mozrunner::runner	INFO	Running command: "C:\\Program Files\\Mozilla Firefox\\firefox.exe" "-marionette" "-foreground" "-no-remote" "-profile" "C:\\Users\\VIKASH~1.PAT\\AppData\\Local\\Temp\\rust_mozprofile.SKGJsGG7EWew"
1585152584897	addons.webextension.doh-rollout@mozilla.org	WARN	Loading extension 'doh-rollout@mozilla.org': Reading manifest: Invalid extension permission: networkStatus
1585152585543	addons.webextension.screenshots@mozilla.org	WARN	Loading extension 'screenshots@mozilla.org': Reading manifest: Invalid extension permission: mozillaAddons
1585152585543	addons.webextension.screenshots@mozilla.org	WARN	Loading extension 'screenshots@mozilla.org': Reading manifest: Invalid extension permission: telemetry
1585152585543	addons.webextension.screenshots@mozilla.org	WARN	Loading extension 'screenshots@mozilla.org': Reading manifest: Invalid extension permission: resource://pdf.js/
1585152585544	addons.webextension.screenshots@mozilla.org	WARN	Loading extension 'screenshots@mozilla.org': Reading manifest: Invalid extension permission: about:reader*
JavaScript error: resource://gre/modules/XULStore.jsm, line 66: Error: Can't find profile directory.
1585152588540	Marionette	INFO	Listening on port 60672
1585152588623	Marionette	WARN	TLS certificate errors will be ignored for this session
JavaScript warning: https://www.slateam.com/sites/default/files/js/js_EebRuRXFlkaf356V0T2K_8cnUVfCKesNTxdvvPSEhCM.js, line 2: Using //@ to indicate sourceMappingURL pragmas is deprecated. Use //# instead
JavaScript warning: https://www.slateam.com/sites/default/files/js/js_EebRuRXFlkaf356V0T2K_8cnUVfCKesNTxdvvPSEhCM.js, line 2: Using //@ to indicate sourceMappingURL pragmas is deprecated. Use //# instead
JavaScript warning: https://www.slateam.com/sites/default/files/js/js_EebRuRXFlkaf356V0T2K_8cnUVfCKesNTxdvvPSEhCM.js, line 2: Using //@ to indicate sourceMappingURL pragmas is deprecated. Use //# instead
1585152614124	Marionette	INFO	Stopped listening on port 60672

###!!! [Child][RunMessage] Error: Channel closing: too late to send/recv, messages will be lost


###!!! [Child][MessageChannel::SendAndWait] Error: Channel error: cannot send/recv

1585152720035	mozrunner::runner	INFO	Running command: "C:\\Program Files\\Mozilla Firefox\\firefox.exe" "-marionette" "-foreground" "-no-remote" "-profile" "C:\\Users\\VIKASH~1.PAT\\AppData\\Local\\Temp\\rust_mozprofile.6cbV9Euxzdv8"
1585152720820	addons.webextension.doh-rollout@mozilla.org	WARN	Loading extension 'doh-rollout@mozilla.org': Reading manifest: Invalid extension permission: networkStatus
1585152721494	addons.webextension.screenshots@mozilla.org	WARN	Loading extension 'screenshots@mozilla.org': Reading manifest: Invalid extension permission: mozillaAddons
1585152721495	addons.webextension.screenshots@mozilla.org	WARN	Loading extension 'screenshots@mozilla.org': Reading manifest: Invalid extension permission: telemetry
1585152721495	addons.webextension.screenshots@mozilla.org	WARN	Loading extension 'screenshots@mozilla.org': Reading manifest: Invalid extension permission: resource://pdf.js/
1585152721495	addons.webextension.screenshots@mozilla.org	WARN	Loading extension 'screenshots@mozilla.org': Reading manifest: Invalid extension permission: about:reader*
JavaScript error: resource://gre/modules/XULStore.jsm, line 66: Error: Can't find profile directory.
1585152724431	Marionette	INFO	Listening on port 61104
1585152724540	Marionette	WARN	TLS certificate errors will be ignored for this session
JavaScript warning: https://www.slateam.com/sites/default/files/js/js_EebRuRXFlkaf356V0T2K_8cnUVfCKesNTxdvvPSEhCM.js, line 2: Using //@ to indicate sourceMappingURL pragmas is deprecated. Use //# instead
JavaScript warning: https://www.slateam.com/sites/default/files/js/js_EebRuRXFlkaf356V0T2K_8cnUVfCKesNTxdvvPSEhCM.js, line 2: Using //@ to indicate sourceMappingURL pragmas is deprecated. Use //# instead
JavaScript warning: https://www.slateam.com/sites/default/files/js/js_EebRuRXFlkaf356V0T2K_8cnUVfCKesNTxdvvPSEhCM.js, line 2: Using //@ to indicate sourceMappingURL pragmas is deprecated. Use //# instead
1585152752709	Marionette	INFO	Stopped listening on port 61104

###!!! [Child][MessageChannel::SendAndWait] Error: Channel error: cannot send/recv

1585152827438	mozrunner::runner	INFO	Running command: "C:\\Program Files\\Mozilla Firefox\\firefox.exe" "-marionette" "-foreground" "-no-remote" "-profile" "C:\\Users\\VIKASH~1.PAT\\AppData\\Local\\Temp\\rust_mozprofile.ugASdBX6W0TC"
1585152828126	addons.webextension.doh-rollout@mozilla.org	WARN	Loading extension 'doh-rollout@mozilla.org': Reading manifest: Invalid extension permission: networkStatus
1585152828815	addons.webextension.screenshots@mozilla.org	WARN	Loading extension 'screenshots@mozilla.org': Reading manifest: Invalid extension permission: mozillaAddons
1585152828816	addons.webextension.screenshots@mozilla.org	WARN	Loading extension 'screenshots@mozilla.org': Reading manifest: Invalid extension permission: telemetry
1585152828816	addons.webextension.screenshots@mozilla.org	WARN	Loading extension 'screenshots@mozilla.org': Reading manifest: Invalid extension permission: resource://pdf.js/
1585152828816	addons.webextension.screenshots@mozilla.org	WARN	Loading extension 'screenshots@mozilla.org': Reading manifest: Invalid extension permission: about:reader*
JavaScript error: resource://gre/modules/XULStore.jsm, line 66: Error: Can't find profile directory.
1585152831611	Marionette	INFO	Listening on port 61425
1585152831825	Marionette	WARN	TLS certificate errors will be ignored for this session
JavaScript warning: https://www.slateam.com/sites/default/files/js/js_EebRuRXFlkaf356V0T2K_8cnUVfCKesNTxdvvPSEhCM.js, line 2: Using //@ to indicate sourceMappingURL pragmas is deprecated. Use //# instead
JavaScript warning: https://www.slateam.com/sites/default/files/js/js_EebRuRXFlkaf356V0T2K_8cnUVfCKesNTxdvvPSEhCM.js, line 2: Using //@ to indicate sourceMappingURL pragmas is deprecated. Use //# instead
JavaScript warning: https://www.slateam.com/sites/default/files/js/js_EebRuRXFlkaf356V0T2K_8cnUVfCKesNTxdvvPSEhCM.js, line 2: Using //@ to indicate sourceMappingURL pragmas is deprecated. Use //# instead
1585152852470	Marionette	INFO	Stopped listening on port 61425
IPDL protocol error: Handler returned error code!

###!!! [Parent][DispatchAsyncMessage] Error: PLayerTransaction::Msg_ReleaseLayer Processing error: message was deserialized, but the handler returned false (indicating failure)


###!!! [Child][RunMessage] Error: Channel closing: too late to send/recv, messages will be lost


###!!! [Child][RunMessage] Error: Channel closing: too late to send/recv, messages will be lost


###!!! [Child][RunMessage] Error: Channel closing: too late to send/recv, messages will be lost


###!!! [Child][MessageChannel::SendAndWait] Error: Channel error: cannot send/recv

