1585074773364	mozrunner::runner	INFO	Running command: "C:\\Program Files\\Mozilla Firefox\\firefox.exe" "-marionette" "-foreground" "-no-remote" "-profile" "C:\\Users\\VIKASH~1.PAT\\AppData\\Local\\Temp\\rust_mozprofile.ugc6Pz0SDZrS"
1585074774235	addons.webextension.doh-rollout@mozilla.org	WARN	Loading extension 'doh-rollout@mozilla.org': Reading manifest: Invalid extension permission: networkStatus
1585074774904	addons.webextension.screenshots@mozilla.org	WARN	Loading extension 'screenshots@mozilla.org': Reading manifest: Invalid extension permission: mozillaAddons
1585074774904	addons.webextension.screenshots@mozilla.org	WARN	Loading extension 'screenshots@mozilla.org': Reading manifest: Invalid extension permission: telemetry
1585074774905	addons.webextension.screenshots@mozilla.org	WARN	Loading extension 'screenshots@mozilla.org': Reading manifest: Invalid extension permission: resource://pdf.js/
1585074774905	addons.webextension.screenshots@mozilla.org	WARN	Loading extension 'screenshots@mozilla.org': Reading manifest: Invalid extension permission: about:reader*
JavaScript error: resource://gre/modules/XULStore.jsm, line 66: Error: Can't find profile directory.
1585074778039	Marionette	INFO	Listening on port 53873
1585074778388	Marionette	WARN	TLS certificate errors will be ignored for this session
JavaScript warning: https://www.slateam.com/sites/default/files/js/js_EebRuRXFlkaf356V0T2K_8cnUVfCKesNTxdvvPSEhCM.js, line 2: Using //@ to indicate sourceMappingURL pragmas is deprecated. Use //# instead
1585074786997	Marionette	INFO	Stopped listening on port 53873

###!!! [Child][RunMessage] Error: Channel closing: too late to send/recv, messages will be lost


###!!! [Child][MessageChannel::SendAndWait] Error: Channel error: cannot send/recv

1585075162633	mozrunner::runner	INFO	Running command: "C:\\Program Files\\Mozilla Firefox\\firefox.exe" "-marionette" "-foreground" "-no-remote" "-profile" "C:\\Users\\VIKASH~1.PAT\\AppData\\Local\\Temp\\rust_mozprofile.NsGcdW56GY8J"
1585075163360	addons.webextension.doh-rollout@mozilla.org	WARN	Loading extension 'doh-rollout@mozilla.org': Reading manifest: Invalid extension permission: networkStatus
1585075164058	addons.webextension.screenshots@mozilla.org	WARN	Loading extension 'screenshots@mozilla.org': Reading manifest: Invalid extension permission: mozillaAddons
1585075164058	addons.webextension.screenshots@mozilla.org	WARN	Loading extension 'screenshots@mozilla.org': Reading manifest: Invalid extension permission: telemetry
1585075164058	addons.webextension.screenshots@mozilla.org	WARN	Loading extension 'screenshots@mozilla.org': Reading manifest: Invalid extension permission: resource://pdf.js/
1585075164058	addons.webextension.screenshots@mozilla.org	WARN	Loading extension 'screenshots@mozilla.org': Reading manifest: Invalid extension permission: about:reader*
JavaScript error: resource://gre/modules/XULStore.jsm, line 66: Error: Can't find profile directory.
1585075167233	Marionette	INFO	Listening on port 54704
1585075167652	Marionette	WARN	TLS certificate errors will be ignored for this session
JavaScript warning: https://www.slateam.com/sites/default/files/js/js_EebRuRXFlkaf356V0T2K_8cnUVfCKesNTxdvvPSEhCM.js, line 2: Using //@ to indicate sourceMappingURL pragmas is deprecated. Use //# instead
1585075266905	Marionette	INFO	Stopped listening on port 54704

###!!! [Child][RunMessage] Error: Channel closing: too late to send/recv, messages will be lost


###!!! [Child][MessageChannel::SendAndWait] Error: Channel error: cannot send/recv

1585075351807	mozrunner::runner	INFO	Running command: "C:\\Program Files\\Mozilla Firefox\\firefox.exe" "-marionette" "-foreground" "-no-remote" "-profile" "C:\\Users\\VIKASH~1.PAT\\AppData\\Local\\Temp\\rust_mozprofile.wTNiWjPTox7A"
1585075352967	addons.webextension.doh-rollout@mozilla.org	WARN	Loading extension 'doh-rollout@mozilla.org': Reading manifest: Invalid extension permission: networkStatus
1585075353695	addons.webextension.screenshots@mozilla.org	WARN	Loading extension 'screenshots@mozilla.org': Reading manifest: Invalid extension permission: mozillaAddons
1585075353695	addons.webextension.screenshots@mozilla.org	WARN	Loading extension 'screenshots@mozilla.org': Reading manifest: Invalid extension permission: telemetry
1585075353695	addons.webextension.screenshots@mozilla.org	WARN	Loading extension 'screenshots@mozilla.org': Reading manifest: Invalid extension permission: resource://pdf.js/
1585075353695	addons.webextension.screenshots@mozilla.org	WARN	Loading extension 'screenshots@mozilla.org': Reading manifest: Invalid extension permission: about:reader*
JavaScript error: resource://gre/modules/XULStore.jsm, line 66: Error: Can't find profile directory.
1585075356570	Marionette	INFO	Listening on port 55146
1585075356776	Marionette	WARN	TLS certificate errors will be ignored for this session
JavaScript warning: https://www.slateam.com/sites/default/files/js/js_EebRuRXFlkaf356V0T2K_8cnUVfCKesNTxdvvPSEhCM.js, line 2: Using //@ to indicate sourceMappingURL pragmas is deprecated. Use //# instead
1585075370201	Marionette	INFO	Stopped listening on port 55146

###!!! [Child][RunMessage] Error: Channel closing: too late to send/recv, messages will be lost


###!!! [Child][MessageChannel::SendAndWait] Error: Channel error: cannot send/recv

1585075461059	mozrunner::runner	INFO	Running command: "C:\\Program Files\\Mozilla Firefox\\firefox.exe" "-marionette" "-foreground" "-no-remote" "-profile" "C:\\Users\\VIKASH~1.PAT\\AppData\\Local\\Temp\\rust_mozprofile.qKbgTZZAaQ14"
1585075461705	addons.webextension.doh-rollout@mozilla.org	WARN	Loading extension 'doh-rollout@mozilla.org': Reading manifest: Invalid extension permission: networkStatus
1585075462461	addons.webextension.screenshots@mozilla.org	WARN	Loading extension 'screenshots@mozilla.org': Reading manifest: Invalid extension permission: mozillaAddons
1585075462461	addons.webextension.screenshots@mozilla.org	WARN	Loading extension 'screenshots@mozilla.org': Reading manifest: Invalid extension permission: telemetry
1585075462461	addons.webextension.screenshots@mozilla.org	WARN	Loading extension 'screenshots@mozilla.org': Reading manifest: Invalid extension permission: resource://pdf.js/
1585075462461	addons.webextension.screenshots@mozilla.org	WARN	Loading extension 'screenshots@mozilla.org': Reading manifest: Invalid extension permission: about:reader*
JavaScript error: resource://gre/modules/XULStore.jsm, line 66: Error: Can't find profile directory.
1585075465762	Marionette	INFO	Listening on port 55376
1585075466028	Marionette	WARN	TLS certificate errors will be ignored for this session
JavaScript warning: https://www.slateam.com/sites/default/files/js/js_EebRuRXFlkaf356V0T2K_8cnUVfCKesNTxdvvPSEhCM.js, line 2: Using //@ to indicate sourceMappingURL pragmas is deprecated. Use //# instead
JavaScript warning: https://www.slateam.com/sites/default/files/js/js_EebRuRXFlkaf356V0T2K_8cnUVfCKesNTxdvvPSEhCM.js, line 2: Using //@ to indicate sourceMappingURL pragmas is deprecated. Use //# instead
JavaScript warning: https://www.slateam.com/sites/default/files/js/js_EebRuRXFlkaf356V0T2K_8cnUVfCKesNTxdvvPSEhCM.js, line 2: Using //@ to indicate sourceMappingURL pragmas is deprecated. Use //# instead
JavaScript warning: https://www.slateam.com/sites/default/files/js/js_EebRuRXFlkaf356V0T2K_8cnUVfCKesNTxdvvPSEhCM.js, line 2: Using //@ to indicate sourceMappingURL pragmas is deprecated. Use //# instead
JavaScript error: resource://gre/actors/AutoCompleteChild.jsm, line 196: Error: Invalid autocomplete selectedIndex
1585075730056	Marionette	WARN	TimedPromise timed out after 500 ms: stacktrace:
TimedPromise/<@chrome://marionette/content/sync.js:244:13
TimedPromise@chrome://marionette/content/sync.js:229:10
interaction.flushEventLoop@chrome://marionette/content/interaction.js:416:10
webdriverClickElement@chrome://marionette/content/interaction.js:182:31
1585075736447	Marionette	WARN	TimedPromise timed out after 500 ms: stacktrace:
TimedPromise/<@chrome://marionette/content/sync.js:244:13
TimedPromise@chrome://marionette/content/sync.js:229:10
interaction.flushEventLoop@chrome://marionette/content/interaction.js:416:10
webdriverClickElement@chrome://marionette/content/interaction.js:182:31
1585075750700	Marionette	WARN	TimedPromise timed out after 500 ms: stacktrace:
TimedPromise/<@chrome://marionette/content/sync.js:244:13
TimedPromise@chrome://marionette/content/sync.js:229:10
interaction.flushEventLoop@chrome://marionette/content/interaction.js:416:10
webdriverClickElement@chrome://marionette/content/interaction.js:182:31
JavaScript error: https://news.slateofficereit.com/user/register?destination=alerts, line 95: ReferenceError: jQuery is not defined
JavaScript error: https://news.slateofficereit.com/user/register?destination=alerts, line 116: ReferenceError: Drupal is not defined
JavaScript error: https://news.slateofficereit.com/user/register?destination=alerts, line 238: ReferenceError: jQuery is not defined
JavaScript error: https://news.slateofficereit.com/sites/slateofficereit3-e.newshq.businesswire.com/files/js/js_9fac53ffb8f101403cb3a9338e15a96d.js, line 6: ReferenceError: Drupal is not defined
JavaScript error: https://news.slateofficereit.com/user/register?destination=alerts, line 747: ReferenceError: jQuery is not defined
JavaScript warning: https://news.slateofficereit.com/sites/slateofficereit3-e.newshq.businesswire.com/themes/slateofficereit3_e_newshq_businesswire_com_theme/client_files/js/jquery_008.js, line 2: Using //@ to indicate sourceMappingURL pragmas is deprecated. Use //# instead
JavaScript error: https://news.slateofficereit.com/sites/slateofficereit3-e.newshq.businesswire.com/themes/slateofficereit3_e_newshq_businesswire_com_theme/client_files/js/drupal.js, line 1: ReferenceError: Drupal is not defined
JavaScript error: https://news.slateofficereit.com/sites/slateofficereit3-e.newshq.businesswire.com/themes/slateofficereit3_e_newshq_businesswire_com_theme/client_files/js/tb-megamenu-frontend.js, line 1: ReferenceError: Drupal is not defined
JavaScript error: https://news.slateofficereit.com/sites/slateofficereit3-e.newshq.businesswire.com/themes/slateofficereit3_e_newshq_businesswire_com_theme/client_files/js/mmenu.js, line 1: ReferenceError: Drupal is not defined
JavaScript error: https://news.slateofficereit.com/sites/slateofficereit3-e.newshq.businesswire.com/themes/slateofficereit3_e_newshq_businesswire_com_theme/slateofficereit.js, line 1: TypeError: $ is not a function
JavaScript error: https://news.slateofficereit.com/sites/slateofficereit3-e.newshq.businesswire.com/themes/slateofficereit3_e_newshq_businesswire_com_theme/client_files/js/main.js, line 1: ReferenceError: Drupal is not defined
1585075769969	Marionette	INFO	Stopped listening on port 55376

###!!! [Child][MessageChannel::SendAndWait] Error: Channel error: cannot send/recv

1585079461462	mozrunner::runner	INFO	Running command: "C:\\Program Files\\Mozilla Firefox\\firefox.exe" "-marionette" "-foreground" "-no-remote" "-profile" "C:\\Users\\VIKASH~1.PAT\\AppData\\Local\\Temp\\rust_mozprofile.2k9aQ9ybEfEd"
1585079462114	addons.webextension.doh-rollout@mozilla.org	WARN	Loading extension 'doh-rollout@mozilla.org': Reading manifest: Invalid extension permission: networkStatus
1585079462837	addons.webextension.screenshots@mozilla.org	WARN	Loading extension 'screenshots@mozilla.org': Reading manifest: Invalid extension permission: mozillaAddons
1585079462837	addons.webextension.screenshots@mozilla.org	WARN	Loading extension 'screenshots@mozilla.org': Reading manifest: Invalid extension permission: telemetry
1585079462837	addons.webextension.screenshots@mozilla.org	WARN	Loading extension 'screenshots@mozilla.org': Reading manifest: Invalid extension permission: resource://pdf.js/
1585079462837	addons.webextension.screenshots@mozilla.org	WARN	Loading extension 'screenshots@mozilla.org': Reading manifest: Invalid extension permission: about:reader*
JavaScript error: resource://gre/modules/XULStore.jsm, line 66: Error: Can't find profile directory.
1585079466060	Marionette	INFO	Listening on port 61186
1585079466427	Marionette	WARN	TLS certificate errors will be ignored for this session
JavaScript warning: https://www.slateam.com/sites/default/files/js/js_EebRuRXFlkaf356V0T2K_8cnUVfCKesNTxdvvPSEhCM.js, line 2: Using //@ to indicate sourceMappingURL pragmas is deprecated. Use //# instead
JavaScript error: resource://gre/modules/XULStore.jsm, line 66: Error: Can't find profile directory.
1585079503801	Marionette	INFO	Stopped listening on port 61186

###!!! [Child][RunMessage] Error: Channel closing: too late to send/recv, messages will be lost


###!!! [Child][MessageChannel::SendAndWait] Error: Channel error: cannot send/recv

1585079525158	mozrunner::runner	INFO	Running command: "C:\\Program Files\\Mozilla Firefox\\firefox.exe" "-marionette" "-foreground" "-no-remote" "-profile" "C:\\Users\\VIKASH~1.PAT\\AppData\\Local\\Temp\\rust_mozprofile.NtkCAnVKQMZm"
1585079525771	addons.webextension.doh-rollout@mozilla.org	WARN	Loading extension 'doh-rollout@mozilla.org': Reading manifest: Invalid extension permission: networkStatus
1585079526554	addons.webextension.screenshots@mozilla.org	WARN	Loading extension 'screenshots@mozilla.org': Reading manifest: Invalid extension permission: mozillaAddons
1585079526554	addons.webextension.screenshots@mozilla.org	WARN	Loading extension 'screenshots@mozilla.org': Reading manifest: Invalid extension permission: telemetry
1585079526554	addons.webextension.screenshots@mozilla.org	WARN	Loading extension 'screenshots@mozilla.org': Reading manifest: Invalid extension permission: resource://pdf.js/
1585079526554	addons.webextension.screenshots@mozilla.org	WARN	Loading extension 'screenshots@mozilla.org': Reading manifest: Invalid extension permission: about:reader*
JavaScript error: resource://gre/modules/XULStore.jsm, line 66: Error: Can't find profile directory.
1585079529552	Marionette	INFO	Listening on port 61368
1585079529629	Marionette	WARN	TLS certificate errors will be ignored for this session
JavaScript warning: https://www.slateam.com/sites/default/files/js/js_EebRuRXFlkaf356V0T2K_8cnUVfCKesNTxdvvPSEhCM.js, line 2: Using //@ to indicate sourceMappingURL pragmas is deprecated. Use //# instead
JavaScript warning: https://www.slateam.com/sites/default/files/js/js_EebRuRXFlkaf356V0T2K_8cnUVfCKesNTxdvvPSEhCM.js, line 2: Using //@ to indicate sourceMappingURL pragmas is deprecated. Use //# instead
JavaScript warning: https://www.slateam.com/sites/default/files/js/js_EebRuRXFlkaf356V0T2K_8cnUVfCKesNTxdvvPSEhCM.js, line 2: Using //@ to indicate sourceMappingURL pragmas is deprecated. Use //# instead
JavaScript warning: https://www.slateam.com/sites/default/files/js/js_EebRuRXFlkaf356V0T2K_8cnUVfCKesNTxdvvPSEhCM.js, line 2: Using //@ to indicate sourceMappingURL pragmas is deprecated. Use //# instead
JavaScript error: resource://gre/actors/AutoCompleteChild.jsm, line 196: Error: Invalid autocomplete selectedIndex
1585079719918	Marionette	INFO	Stopped listening on port 61368

###!!! [Child][RunMessage] Error: Channel closing: too late to send/recv, messages will be lost


###!!! [Child][MessageChannel::SendAndWait] Error: Channel error: cannot send/recv

1585085587833	mozrunner::runner	INFO	Running command: "C:\\Program Files\\Mozilla Firefox\\firefox.exe" "-marionette" "-foreground" "-no-remote" "-profile" "C:\\Users\\VIKASH~1.PAT\\AppData\\Local\\Temp\\rust_mozprofile.w2DWP8jymuQx"
1585085588586	addons.webextension.doh-rollout@mozilla.org	WARN	Loading extension 'doh-rollout@mozilla.org': Reading manifest: Invalid extension permission: networkStatus
1585085589327	addons.webextension.screenshots@mozilla.org	WARN	Loading extension 'screenshots@mozilla.org': Reading manifest: Invalid extension permission: mozillaAddons
1585085589327	addons.webextension.screenshots@mozilla.org	WARN	Loading extension 'screenshots@mozilla.org': Reading manifest: Invalid extension permission: telemetry
1585085589328	addons.webextension.screenshots@mozilla.org	WARN	Loading extension 'screenshots@mozilla.org': Reading manifest: Invalid extension permission: resource://pdf.js/
1585085589328	addons.webextension.screenshots@mozilla.org	WARN	Loading extension 'screenshots@mozilla.org': Reading manifest: Invalid extension permission: about:reader*
JavaScript error: resource://gre/modules/XULStore.jsm, line 66: Error: Can't find profile directory.
1585085593095	Marionette	INFO	Listening on port 53984
1585085593345	Marionette	WARN	TLS certificate errors will be ignored for this session
JavaScript warning: https://www.slateam.com/sites/default/files/js/js_EebRuRXFlkaf356V0T2K_8cnUVfCKesNTxdvvPSEhCM.js, line 2: Using //@ to indicate sourceMappingURL pragmas is deprecated. Use //# instead
JavaScript warning: https://www.slateam.com/sites/default/files/js/js_EebRuRXFlkaf356V0T2K_8cnUVfCKesNTxdvvPSEhCM.js, line 2: Using //@ to indicate sourceMappingURL pragmas is deprecated. Use //# instead
JavaScript warning: https://www.slateam.com/sites/default/files/js/js_EebRuRXFlkaf356V0T2K_8cnUVfCKesNTxdvvPSEhCM.js, line 2: Using //@ to indicate sourceMappingURL pragmas is deprecated. Use //# instead
JavaScript warning: https://www.slateam.com/sites/default/files/js/js_EebRuRXFlkaf356V0T2K_8cnUVfCKesNTxdvvPSEhCM.js, line 2: Using //@ to indicate sourceMappingURL pragmas is deprecated. Use //# instead
JavaScript error: resource://gre/actors/AutoCompleteChild.jsm, line 196: Error: Invalid autocomplete selectedIndex
1585085861711	Marionette	INFO	Stopped listening on port 53984

###!!! [Child][RunMessage] Error: Channel closing: too late to send/recv, messages will be lost


###!!! [Child][MessageChannel::SendAndWait] Error: Channel error: cannot send/recv

1585153090890	mozrunner::runner	INFO	Running command: "C:\\Program Files\\Mozilla Firefox\\firefox.exe" "-marionette" "-foreground" "-no-remote" "-profile" "C:\\Users\\VIKASH~1.PAT\\AppData\\Local\\Temp\\rust_mozprofile.lHJiY20Krkxq"
1585153091823	addons.webextension.doh-rollout@mozilla.org	WARN	Loading extension 'doh-rollout@mozilla.org': Reading manifest: Invalid extension permission: networkStatus
1585153092509	addons.webextension.screenshots@mozilla.org	WARN	Loading extension 'screenshots@mozilla.org': Reading manifest: Invalid extension permission: mozillaAddons
1585153092509	addons.webextension.screenshots@mozilla.org	WARN	Loading extension 'screenshots@mozilla.org': Reading manifest: Invalid extension permission: telemetry
1585153092509	addons.webextension.screenshots@mozilla.org	WARN	Loading extension 'screenshots@mozilla.org': Reading manifest: Invalid extension permission: resource://pdf.js/
1585153092509	addons.webextension.screenshots@mozilla.org	WARN	Loading extension 'screenshots@mozilla.org': Reading manifest: Invalid extension permission: about:reader*
JavaScript error: resource://gre/modules/XULStore.jsm, line 66: Error: Can't find profile directory.
1585153095790	Marionette	INFO	Listening on port 62073
1585153095915	Marionette	WARN	TLS certificate errors will be ignored for this session
JavaScript warning: https://www.slateam.com/sites/default/files/js/js_EebRuRXFlkaf356V0T2K_8cnUVfCKesNTxdvvPSEhCM.js, line 2: Using //@ to indicate sourceMappingURL pragmas is deprecated. Use //# instead
JavaScript warning: https://www.slateam.com/sites/default/files/js/js_EebRuRXFlkaf356V0T2K_8cnUVfCKesNTxdvvPSEhCM.js, line 2: Using //@ to indicate sourceMappingURL pragmas is deprecated. Use //# instead
JavaScript warning: https://www.slateam.com/sites/default/files/js/js_EebRuRXFlkaf356V0T2K_8cnUVfCKesNTxdvvPSEhCM.js, line 2: Using //@ to indicate sourceMappingURL pragmas is deprecated. Use //# instead
JavaScript warning: https://www.slateam.com/sites/default/files/js/js_EebRuRXFlkaf356V0T2K_8cnUVfCKesNTxdvvPSEhCM.js, line 2: Using //@ to indicate sourceMappingURL pragmas is deprecated. Use //# instead
JavaScript error: resource://gre/actors/AutoCompleteChild.jsm, line 196: Error: Invalid autocomplete selectedIndex
JavaScript warning: https://news.slateofficereit.com/sites/slateofficereit3-e.newshq.businesswire.com/themes/slateofficereit3_e_newshq_businesswire_com_theme/client_files/js/jquery_008.js, line 2: Using //@ to indicate sourceMappingURL pragmas is deprecated. Use //# instead
1585153264269	Marionette	INFO	Stopped listening on port 62073

###!!! [Child][RunMessage] Error: Channel closing: too late to send/recv, messages will be lost


###!!! [Child][MessageChannel::SendAndWait] Error: Channel error: cannot send/recv

